<?xml version="1.0" encoding="UTF-8"?>
<!-- Generated by org.testng.reporters.JUnitReportReporter -->
<testsuite skipped="0" hostname="DESKTOP-MGLQSO3" name="testrunner.ToolsQATest" tests="1" failures="0" timestamp="10 Oct 2021 14:49:56 GMT" time="7.891" errors="0">
  <testcase name="runScenario" time="7.891" classname="testrunner.ToolsQATest"/>
</testsuite> <!-- testrunner.ToolsQATest -->
